Unity Editor version:    2020.3.19f1 (68f137dc9bbe)
Branch:                  2020.3/staging
Build type:              Release
Batch mode:              YES
macOS version:           Version 11.5.1 (Build 20G80)
Darwin version:          20.6.0
Architecture:            x86_64
Running under Rosetta:   NO
Available memory:        16384 MB
Using pre-set license
Pro License: NO

COMMAND LINE ARGUMENTS:
/Applications/Unity/Hub/Editor/2020.3.19f1/Unity.app/Contents/MacOS/Unity
-adb2
-batchMode
-noUpm
-name
AssetImportWorker0
-projectPath
/Users/brandon/Documents/Unity Projects/hack-a-thing-21f-2-bguzman/Tower Defense Tutorial
-logFile
Logs/AssetImportWorker0.log
-srvPort
56120
Successfully changed project path to: /Users/brandon/Documents/Unity Projects/hack-a-thing-21f-2-bguzman/Tower Defense Tutorial
/Users/brandon/Documents/Unity Projects/hack-a-thing-21f-2-bguzman/Tower Defense Tutorial
Using Asset Import Pipeline V2.
Refreshing native plugins compatible for Editor in 32.73 ms, found 2 plugins.
Preloading 0 native plugins for Editor in 0.00 ms.
Initialize engine version: 2020.3.19f1 (68f137dc9bbe)
[Subsystems] Discovering subsystems at path /Applications/Unity/Hub/Editor/2020.3.19f1/Unity.app/Contents/Resources/UnitySubsystems
[Subsystems] Discovering subsystems at path /Users/brandon/Documents/Unity Projects/hack-a-thing-21f-2-bguzman/Tower Defense Tutorial/Assets
GfxDevice: creating device client; threaded=0
2021-09-29 14:23:07.803 Unity[4818:2045925] Color LCD preferred device: Intel(R) Iris(TM) Plus Graphics (low power)
2021-09-29 14:23:07.803 Unity[4818:2045925] Metal devices available: 1
2021-09-29 14:23:07.803 Unity[4818:2045925] 0: Intel(R) Iris(TM) Plus Graphics (low power)
2021-09-29 14:23:07.803 Unity[4818:2045925] Using device Intel(R) Iris(TM) Plus Graphics (low power)
Initializing Metal device caps: Intel(R) Iris(TM) Plus Graphics
Initialize mono
Mono path[0] = '/Applications/Unity/Hub/Editor/2020.3.19f1/Unity.app/Contents/Managed'
Mono path[1] = '/Applications/Unity/Hub/Editor/2020.3.19f1/Unity.app/Contents/MonoBleedingEdge/lib/mono/unityjit'
Mono config path = '/Applications/Unity/Hub/Editor/2020.3.19f1/Unity.app/Contents/MonoBleedingEdge/etc'
Using monoOptions --debugger-agent=transport=dt_socket,embedding=1,server=y,suspend=n,address=127.0.0.1:56818
Begin MonoManager ReloadAssembly
Registering precompiled unity dll's ...
Register platform support module: /Applications/Unity/Hub/Editor/2020.3.19f1/Unity.app/Contents/PlaybackEngines/MacStandaloneSupport/UnityEditor.OSXStandalone.Extensions.dll
Registered in 0.001087 seconds.
Native extension for OSXStandalone target not found
Refreshing native plugins compatible for Editor in 29.50 ms, found 2 plugins.
Preloading 0 native plugins for Editor in 0.00 ms.
Mono: successfully reloaded assembly
- Completed reload, in  2.618 seconds
Domain Reload Profiling:
	ReloadAssembly (2618ms)
		BeginReloadAssembly (61ms)
			ExecutionOrderSort (0ms)
			DisableScriptedObjects (0ms)
			BackupInstance (0ms)
			ReleaseScriptingObjects (0ms)
			CreateAndSetChildDomain (1ms)
		EndReloadAssembly (481ms)
			LoadAssemblies (60ms)
			RebuildTransferFunctionScriptingTraits (0ms)
			SetupTypeCache (197ms)
			ReleaseScriptCaches (0ms)
			RebuildScriptCaches (40ms)
			SetupLoadedEditorAssemblies (188ms)
				LogAssemblyErrors (0ms)
				InitializePlatformSupportModulesInManaged (4ms)
				SetLoadedEditorAssemblies (0ms)
				RefreshPlugins (30ms)
				BeforeProcessingInitializeOnLoad (9ms)
				ProcessInitializeOnLoadAttributes (112ms)
				ProcessInitializeOnLoadMethodAttributes (33ms)
				AfterProcessingInitializeOnLoad (0ms)
				EditorAssembliesLoaded (0ms)
			ExecutionOrderSort2 (0ms)
			AwakeInstancesAfterBackupRestoration (0ms)
Platform modules already initialized, skipping
Registering precompiled user dll's ...
Registered in 0.003581 seconds.
Begin MonoManager ReloadAssembly
Native extension for OSXStandalone target not found
Refreshing native plugins compatible for Editor in 0.27 ms, found 2 plugins.
Preloading 0 native plugins for Editor in 0.00 ms.
Mono: successfully reloaded assembly
- Completed reload, in  1.208 seconds
Domain Reload Profiling:
	ReloadAssembly (1210ms)
		BeginReloadAssembly (184ms)
			ExecutionOrderSort (0ms)
			DisableScriptedObjects (5ms)
			BackupInstance (0ms)
			ReleaseScriptingObjects (0ms)
			CreateAndSetChildDomain (37ms)
		EndReloadAssembly (955ms)
			LoadAssemblies (98ms)
			RebuildTransferFunctionScriptingTraits (0ms)
			SetupTypeCache (337ms)
			ReleaseScriptCaches (0ms)
			RebuildScriptCaches (57ms)
			SetupLoadedEditorAssemblies (351ms)
				LogAssemblyErrors (0ms)
				InitializePlatformSupportModulesInManaged (6ms)
				SetLoadedEditorAssemblies (1ms)
				RefreshPlugins (0ms)
				BeforeProcessingInitializeOnLoad (58ms)
				ProcessInitializeOnLoadAttributes (279ms)
				ProcessInitializeOnLoadMethodAttributes (6ms)
				AfterProcessingInitializeOnLoad (2ms)
				EditorAssembliesLoaded (0ms)
			ExecutionOrderSort2 (0ms)
			AwakeInstancesAfterBackupRestoration (9ms)
Platform modules already initialized, skipping
Validating Project structure ... 0.001209 seconds.
Shader import version has changed; will reimport all shaders...
Upgrading shader files ...0.003415 seconds.
Application.AssetDatabase Initial Script Refresh Start
RefreshInfo: InitialScriptRefreshV2(NoUpdateAssetOptions) scanfilter:  ... 1 filters
RefreshProfiler: Total: 0.000ms
Application.AssetDatabase Initial Script Refresh End
Application.AssetDatabase.Refresh Start
Application.AssetDatabase.Refresh End
RefreshInfo: StopAssetImportingV2(ForceSynchronousImport) scanfilter: 
RefreshProfiler: Total: 0.000ms
Launching external process: /Applications/Unity/Hub/Editor/2020.3.19f1/Unity.app/Contents/Tools/UnityShaderCompiler
Launched and connected shader compiler UnityShaderCompiler after 0.03 seconds
Initializing Unity extensions:
========================================================================
Worker process is ready to serve import requests
Refreshing native plugins compatible for Editor in 0.28 ms, found 2 plugins.
Preloading 0 native plugins for Editor in 0.00 ms.
Unloading 1407 Unused Serialized files (Serialized files now loaded: 0)
System memory in use before: 160.3 MB.
System memory in use after: 159.4 MB.

Unloading 86 unused Assets to reduce memory usage. Loaded Objects now: 1883.
Total: 3.766556 ms (FindLiveObjects: 0.160961 ms CreateObjectMapping: 0.057675 ms MarkObjects: 3.010339 ms  DeleteObjects: 0.535555 ms)

AssetImportParameters requested are different than current active one (requested -> active):
  custom:video-decoder-ogg-theora: a1e56fd34408186e4bbccfd4996cb3dc -> 
  custom:container-muxer-webm: aa71ff27fc2769a1b78a27578f13a17b -> 
  custom:container-demuxer-webm: 4f35f7cbe854078d1ac9338744f61a02 -> 
  custom:container-demuxer-ogg: 62fdf1f143b41e24485cea50d1cbac27 -> 
  custom:video-encoder-webm-vp8: eb34c28f22e8b96e1ab97ce403110664 -> 
  custom:framework-osx-AVFoundation: e770b220cccbd017edd2c1fefb359320 -> 
  custom:video-decoder-webm-vp8: 9c59270c3fd7afecdb556c50c9e8de78 -> 
  custom:audio-decoder-ogg-vorbis: bf7c407c2cedff20999df2af8eb42d56 -> 
  custom:audio-encoder-webm-vorbis: bf7c407c2cedff20999df2af8eb42d56 -> 
========================================================================
Received Import Request.
  path: Assets/Imports/Missle Launcher/Missile M.mat
  artifactKey: Guid(8e41baa9367cf4f10bdf5fee2023b25a) Importer(815301076,1909f56bfc062723c751e8b465ee728b)
Start importing Assets/Imports/Missle Launcher/Missile M.mat using Guid(8e41baa9367cf4f10bdf5fee2023b25a) Importer(815301076,1909f56bfc062723c751e8b465ee728b)  -> (artifact id: 'ba70dcf4dd1349208077883d8325a392') in 1.181673 seconds 
  Import took 1.184296 seconds .

========================================================================
Received Import Request.
  Time since last request: 112.813446 seconds.
  path: Assets/Imports/Missle Launcher/Missile M.mat
  artifactKey: Guid(8e41baa9367cf4f10bdf5fee2023b25a) Importer(815301076,1909f56bfc062723c751e8b465ee728b)
Start importing Assets/Imports/Missle Launcher/Missile M.mat using Guid(8e41baa9367cf4f10bdf5fee2023b25a) Importer(815301076,1909f56bfc062723c751e8b465ee728b)  -> (artifact id: '989ae523c8569252b9cb6b667965ce37') in 0.029663 seconds 
  Import took 0.033293 seconds .

========================================================================
Received Import Request.
  Time since last request: 95.496846 seconds.
  path: Assets/Prefabs/Missile.prefab
  artifactKey: Guid(78c8896d8c1d441f1bbebefc0a85005c) Importer(815301076,1909f56bfc062723c751e8b465ee728b)
Start importing Assets/Prefabs/Missile.prefab using Guid(78c8896d8c1d441f1bbebefc0a85005c) Importer(815301076,1909f56bfc062723c751e8b465ee728b)  -> (artifact id: '6314b3b4fdc309f662a04f2ea8e2efd9') in 0.385544 seconds 
  Import took 0.388819 seconds .

========================================================================
Received Import Request.
  Time since last request: 13.323746 seconds.
  path: Assets/Prefabs/MissileLauncher.prefab
  artifactKey: Guid(810dfb5f6a4b94364a780da6a4c27c09) Importer(815301076,1909f56bfc062723c751e8b465ee728b)
Start importing Assets/Prefabs/MissileLauncher.prefab using Guid(810dfb5f6a4b94364a780da6a4c27c09) Importer(815301076,1909f56bfc062723c751e8b465ee728b)  -> (artifact id: '3028d98074160ea2964b9ce88bbbc538') in 0.021523 seconds 
  Import took 0.025032 seconds .

========================================================================
Received Prepare
Registering precompiled user dll's ...
Registered in 0.004246 seconds.
Begin MonoManager ReloadAssembly
Native extension for OSXStandalone target not found
Refreshing native plugins compatible for Editor in 0.28 ms, found 2 plugins.
Preloading 0 native plugins for Editor in 0.00 ms.
Mono: successfully reloaded assembly
- Completed reload, in  1.283 seconds
Domain Reload Profiling:
	ReloadAssembly (1283ms)
		BeginReloadAssembly (162ms)
			ExecutionOrderSort (0ms)
			DisableScriptedObjects (5ms)
			BackupInstance (0ms)
			ReleaseScriptingObjects (0ms)
			CreateAndSetChildDomain (69ms)
		EndReloadAssembly (1045ms)
			LoadAssemblies (111ms)
			RebuildTransferFunctionScriptingTraits (0ms)
			SetupTypeCache (376ms)
			ReleaseScriptCaches (1ms)
			RebuildScriptCaches (54ms)
			SetupLoadedEditorAssemblies (386ms)
				LogAssemblyErrors (0ms)
				InitializePlatformSupportModulesInManaged (7ms)
				SetLoadedEditorAssemblies (1ms)
				RefreshPlugins (0ms)
				BeforeProcessingInitializeOnLoad (92ms)
				ProcessInitializeOnLoadAttributes (280ms)
				ProcessInitializeOnLoadMethodAttributes (4ms)
				AfterProcessingInitializeOnLoad (2ms)
				EditorAssembliesLoaded (0ms)
			ExecutionOrderSort2 (0ms)
			AwakeInstancesAfterBackupRestoration (9ms)
Platform modules already initialized, skipping
Refreshing native plugins compatible for Editor in 0.40 ms, found 2 plugins.
Preloading 0 native plugins for Editor in 0.00 ms.
Unloading 1400 Unused Serialized files (Serialized files now loaded: 0)
System memory in use before: 167.4 MB.
System memory in use after: 167.5 MB.

Unloading 12 unused Assets to reduce memory usage. Loaded Objects now: 1926.
Total: 3.631453 ms (FindLiveObjects: 0.189386 ms CreateObjectMapping: 0.075047 ms MarkObjects: 3.341994 ms  DeleteObjects: 0.023567 ms)

AssetImportParameters requested are different than current active one (requested -> active):
  custom:video-decoder-ogg-theora: a1e56fd34408186e4bbccfd4996cb3dc -> 
  custom:container-muxer-webm: aa71ff27fc2769a1b78a27578f13a17b -> 
  custom:container-demuxer-webm: 4f35f7cbe854078d1ac9338744f61a02 -> 
  custom:container-demuxer-ogg: 62fdf1f143b41e24485cea50d1cbac27 -> 
  custom:video-encoder-webm-vp8: eb34c28f22e8b96e1ab97ce403110664 -> 
  custom:framework-osx-AVFoundation: e770b220cccbd017edd2c1fefb359320 -> 
  custom:video-decoder-webm-vp8: 9c59270c3fd7afecdb556c50c9e8de78 -> 
  custom:audio-decoder-ogg-vorbis: bf7c407c2cedff20999df2af8eb42d56 -> 
  custom:audio-encoder-webm-vorbis: bf7c407c2cedff20999df2af8eb42d56 -> 
========================================================================
Received Import Request.
  Time since last request: 104.554251 seconds.
  path: Assets/Prefabs/MissileLauncher.prefab
  artifactKey: Guid(810dfb5f6a4b94364a780da6a4c27c09) Importer(815301076,1909f56bfc062723c751e8b465ee728b)
Start importing Assets/Prefabs/MissileLauncher.prefab using Guid(810dfb5f6a4b94364a780da6a4c27c09) Importer(815301076,1909f56bfc062723c751e8b465ee728b)  -> (artifact id: '02a7d85f29cc7e014cf9884644718261') in 0.083127 seconds 
  Import took 0.086889 seconds .

========================================================================
Received Import Request.
  Time since last request: 9.633907 seconds.
  path: Assets/Prefabs/MissileLauncher.prefab
  artifactKey: Guid(810dfb5f6a4b94364a780da6a4c27c09) Importer(815301076,1909f56bfc062723c751e8b465ee728b)
Start importing Assets/Prefabs/MissileLauncher.prefab using Guid(810dfb5f6a4b94364a780da6a4c27c09) Importer(815301076,1909f56bfc062723c751e8b465ee728b)  -> (artifact id: '3d50bb085aaeba4fffb35ae635a9822e') in 0.017279 seconds 
  Import took 0.020492 seconds .

========================================================================
Received Import Request.
  Time since last request: 3.619974 seconds.
  path: Assets/Prefabs/MissileLauncher.prefab
  artifactKey: Guid(810dfb5f6a4b94364a780da6a4c27c09) Importer(815301076,1909f56bfc062723c751e8b465ee728b)
Start importing Assets/Prefabs/MissileLauncher.prefab using Guid(810dfb5f6a4b94364a780da6a4c27c09) Importer(815301076,1909f56bfc062723c751e8b465ee728b)  -> (artifact id: '41320aeddbbe0cd3040f37cef2110684') in 0.019209 seconds 
  Import took 0.022471 seconds .

========================================================================
Received Prepare
Registering precompiled user dll's ...
Registered in 0.003759 seconds.
Begin MonoManager ReloadAssembly
Native extension for OSXStandalone target not found
Refreshing native plugins compatible for Editor in 0.31 ms, found 2 plugins.
Preloading 0 native plugins for Editor in 0.00 ms.
Mono: successfully reloaded assembly
- Completed reload, in  1.194 seconds
Domain Reload Profiling:
	ReloadAssembly (1194ms)
		BeginReloadAssembly (154ms)
			ExecutionOrderSort (0ms)
			DisableScriptedObjects (6ms)
			BackupInstance (0ms)
			ReleaseScriptingObjects (0ms)
			CreateAndSetChildDomain (72ms)
		EndReloadAssembly (971ms)
			LoadAssemblies (99ms)
			RebuildTransferFunctionScriptingTraits (0ms)
			SetupTypeCache (354ms)
			ReleaseScriptCaches (1ms)
			RebuildScriptCaches (56ms)
			SetupLoadedEditorAssemblies (342ms)
				LogAssemblyErrors (0ms)
				InitializePlatformSupportModulesInManaged (5ms)
				SetLoadedEditorAssemblies (1ms)
				RefreshPlugins (0ms)
				BeforeProcessingInitializeOnLoad (86ms)
				ProcessInitializeOnLoadAttributes (242ms)
				ProcessInitializeOnLoadMethodAttributes (5ms)
				AfterProcessingInitializeOnLoad (2ms)
				EditorAssembliesLoaded (0ms)
			ExecutionOrderSort2 (0ms)
			AwakeInstancesAfterBackupRestoration (10ms)
Platform modules already initialized, skipping
Refreshing native plugins compatible for Editor in 0.31 ms, found 2 plugins.
Preloading 0 native plugins for Editor in 0.00 ms.
Unloading 1400 Unused Serialized files (Serialized files now loaded: 0)
System memory in use before: 167.6 MB.
System memory in use after: 167.7 MB.

Unloading 11 unused Assets to reduce memory usage. Loaded Objects now: 1929.
Total: 2.452244 ms (FindLiveObjects: 0.131562 ms CreateObjectMapping: 0.036186 ms MarkObjects: 2.268635 ms  DeleteObjects: 0.014810 ms)

AssetImportParameters requested are different than current active one (requested -> active):
  custom:video-decoder-ogg-theora: a1e56fd34408186e4bbccfd4996cb3dc -> 
  custom:container-muxer-webm: aa71ff27fc2769a1b78a27578f13a17b -> 
  custom:container-demuxer-webm: 4f35f7cbe854078d1ac9338744f61a02 -> 
  custom:container-demuxer-ogg: 62fdf1f143b41e24485cea50d1cbac27 -> 
  custom:video-encoder-webm-vp8: eb34c28f22e8b96e1ab97ce403110664 -> 
  custom:framework-osx-AVFoundation: e770b220cccbd017edd2c1fefb359320 -> 
  custom:video-decoder-webm-vp8: 9c59270c3fd7afecdb556c50c9e8de78 -> 
  custom:audio-decoder-ogg-vorbis: bf7c407c2cedff20999df2af8eb42d56 -> 
  custom:audio-encoder-webm-vorbis: bf7c407c2cedff20999df2af8eb42d56 -> 
========================================================================
Received Import Request.
  Time since last request: 46.566153 seconds.
  path: Assets/Prefabs/MissileLauncher.prefab
  artifactKey: Guid(810dfb5f6a4b94364a780da6a4c27c09) Importer(815301076,1909f56bfc062723c751e8b465ee728b)
Start importing Assets/Prefabs/MissileLauncher.prefab using Guid(810dfb5f6a4b94364a780da6a4c27c09) Importer(815301076,1909f56bfc062723c751e8b465ee728b)  -> (artifact id: '5fbd5c627c46a1f2cb0d1dc1ceaca551') in 0.075544 seconds 
  Import took 0.078935 seconds .

========================================================================
Received Import Request.
  Time since last request: 3.993412 seconds.
  path: Assets/Prefabs/MissileLauncher.prefab
  artifactKey: Guid(810dfb5f6a4b94364a780da6a4c27c09) Importer(815301076,1909f56bfc062723c751e8b465ee728b)
Start importing Assets/Prefabs/MissileLauncher.prefab using Guid(810dfb5f6a4b94364a780da6a4c27c09) Importer(815301076,1909f56bfc062723c751e8b465ee728b)  -> (artifact id: '244ba87a771095c20a5d3d70f444c61e') in 0.018287 seconds 
  Import took 0.021621 seconds .

========================================================================
Received Import Request.
  Time since last request: 3.224497 seconds.
  path: Assets/Prefabs/MissileLauncher.prefab
  artifactKey: Guid(810dfb5f6a4b94364a780da6a4c27c09) Importer(815301076,1909f56bfc062723c751e8b465ee728b)
Start importing Assets/Prefabs/MissileLauncher.prefab using Guid(810dfb5f6a4b94364a780da6a4c27c09) Importer(815301076,1909f56bfc062723c751e8b465ee728b)  -> (artifact id: '411bc367c4bfaab64a1db3896e4a7391') in 0.019033 seconds 
  Import took 0.023285 seconds .

========================================================================
Received Import Request.
  Time since last request: 8.084865 seconds.
  path: Assets/Prefabs/MissileLauncher.prefab
  artifactKey: Guid(810dfb5f6a4b94364a780da6a4c27c09) Importer(815301076,1909f56bfc062723c751e8b465ee728b)
Start importing Assets/Prefabs/MissileLauncher.prefab using Guid(810dfb5f6a4b94364a780da6a4c27c09) Importer(815301076,1909f56bfc062723c751e8b465ee728b)  -> (artifact id: '254412978db9e1ea45a6c6d604d78877') in 0.019266 seconds 
  Import took 0.023638 seconds .

========================================================================
Received Import Request.
  Time since last request: 2.812046 seconds.
  path: Assets/Prefabs/MissileLauncher.prefab
  artifactKey: Guid(810dfb5f6a4b94364a780da6a4c27c09) Importer(815301076,1909f56bfc062723c751e8b465ee728b)
Start importing Assets/Prefabs/MissileLauncher.prefab using Guid(810dfb5f6a4b94364a780da6a4c27c09) Importer(815301076,1909f56bfc062723c751e8b465ee728b)  -> (artifact id: '80221c16d391da1b4cd6fc41614f88b1') in 0.019435 seconds 
  Import took 0.023264 seconds .

========================================================================
Received Import Request.
  Time since last request: 5.269342 seconds.
  path: Assets/Prefabs/MissileLauncher.prefab
  artifactKey: Guid(810dfb5f6a4b94364a780da6a4c27c09) Importer(815301076,1909f56bfc062723c751e8b465ee728b)
Start importing Assets/Prefabs/MissileLauncher.prefab using Guid(810dfb5f6a4b94364a780da6a4c27c09) Importer(815301076,1909f56bfc062723c751e8b465ee728b)  -> (artifact id: '77358b9a32eda530972d565228d73017') in 0.017074 seconds 
  Import took 0.020577 seconds .

========================================================================
Received Import Request.
  Time since last request: 2.003804 seconds.
  path: Assets/Prefabs/MissileLauncher.prefab
  artifactKey: Guid(810dfb5f6a4b94364a780da6a4c27c09) Importer(815301076,1909f56bfc062723c751e8b465ee728b)
Start importing Assets/Prefabs/MissileLauncher.prefab using Guid(810dfb5f6a4b94364a780da6a4c27c09) Importer(815301076,1909f56bfc062723c751e8b465ee728b)  -> (artifact id: '5db3e0d439edf05ddc6f2e318d8ef0d2') in 0.016862 seconds 
  Import took 0.020165 seconds .

========================================================================
Received Prepare
Registering precompiled user dll's ...
Registered in 0.003935 seconds.
Begin MonoManager ReloadAssembly
Native extension for OSXStandalone target not found
Refreshing native plugins compatible for Editor in 0.41 ms, found 2 plugins.
Preloading 0 native plugins for Editor in 0.00 ms.
Mono: successfully reloaded assembly
- Completed reload, in  1.274 seconds
Domain Reload Profiling:
	ReloadAssembly (1275ms)
		BeginReloadAssembly (170ms)
			ExecutionOrderSort (0ms)
			DisableScriptedObjects (6ms)
			BackupInstance (0ms)
			ReleaseScriptingObjects (0ms)
			CreateAndSetChildDomain (67ms)
		EndReloadAssembly (1019ms)
			LoadAssemblies (126ms)
			RebuildTransferFunctionScriptingTraits (0ms)
			SetupTypeCache (340ms)
			ReleaseScriptCaches (1ms)
			RebuildScriptCaches (57ms)
			SetupLoadedEditorAssemblies (378ms)
				LogAssemblyErrors (0ms)
				InitializePlatformSupportModulesInManaged (7ms)
				SetLoadedEditorAssemblies (1ms)
				RefreshPlugins (0ms)
				BeforeProcessingInitializeOnLoad (105ms)
				ProcessInitializeOnLoadAttributes (258ms)
				ProcessInitializeOnLoadMethodAttributes (4ms)
				AfterProcessingInitializeOnLoad (2ms)
				EditorAssembliesLoaded (0ms)
			ExecutionOrderSort2 (0ms)
			AwakeInstancesAfterBackupRestoration (8ms)
Platform modules already initialized, skipping
Refreshing native plugins compatible for Editor in 0.28 ms, found 2 plugins.
Preloading 0 native plugins for Editor in 0.00 ms.
Unloading 1400 Unused Serialized files (Serialized files now loaded: 0)
System memory in use before: 167.8 MB.
System memory in use after: 167.9 MB.

Unloading 11 unused Assets to reduce memory usage. Loaded Objects now: 1932.
Total: 2.655913 ms (FindLiveObjects: 0.149986 ms CreateObjectMapping: 0.041217 ms MarkObjects: 2.443629 ms  DeleteObjects: 0.019288 ms)

AssetImportParameters requested are different than current active one (requested -> active):
  custom:video-decoder-ogg-theora: a1e56fd34408186e4bbccfd4996cb3dc -> 
  custom:container-muxer-webm: aa71ff27fc2769a1b78a27578f13a17b -> 
  custom:container-demuxer-webm: 4f35f7cbe854078d1ac9338744f61a02 -> 
  custom:container-demuxer-ogg: 62fdf1f143b41e24485cea50d1cbac27 -> 
  custom:video-encoder-webm-vp8: eb34c28f22e8b96e1ab97ce403110664 -> 
  custom:framework-osx-AVFoundation: e770b220cccbd017edd2c1fefb359320 -> 
  custom:video-decoder-webm-vp8: 9c59270c3fd7afecdb556c50c9e8de78 -> 
  custom:audio-decoder-ogg-vorbis: bf7c407c2cedff20999df2af8eb42d56 -> 
  custom:audio-encoder-webm-vorbis: bf7c407c2cedff20999df2af8eb42d56 -> 
========================================================================
Received Import Request.
  Time since last request: 49.105943 seconds.
  path: Assets/Prefabs/MissileLauncher.prefab
  artifactKey: Guid(810dfb5f6a4b94364a780da6a4c27c09) Importer(815301076,1909f56bfc062723c751e8b465ee728b)
Start importing Assets/Prefabs/MissileLauncher.prefab using Guid(810dfb5f6a4b94364a780da6a4c27c09) Importer(815301076,1909f56bfc062723c751e8b465ee728b)  -> (artifact id: '2f36a3dd880b8da6bc2d71d9296e6ff6') in 0.077129 seconds 
  Import took 0.080665 seconds .

========================================================================
Received Import Request.
  Time since last request: 4.528662 seconds.
  path: Assets/Prefabs/MissileLauncher.prefab
  artifactKey: Guid(810dfb5f6a4b94364a780da6a4c27c09) Importer(815301076,1909f56bfc062723c751e8b465ee728b)
Start importing Assets/Prefabs/MissileLauncher.prefab using Guid(810dfb5f6a4b94364a780da6a4c27c09) Importer(815301076,1909f56bfc062723c751e8b465ee728b)  -> (artifact id: '335072e73b7c94190994c94159585b9d') in 0.016678 seconds 
  Import took 0.020453 seconds .

========================================================================
Received Import Request.
  Time since last request: 1.992719 seconds.
  path: Assets/Prefabs/MissileLauncher.prefab
  artifactKey: Guid(810dfb5f6a4b94364a780da6a4c27c09) Importer(815301076,1909f56bfc062723c751e8b465ee728b)
Start importing Assets/Prefabs/MissileLauncher.prefab using Guid(810dfb5f6a4b94364a780da6a4c27c09) Importer(815301076,1909f56bfc062723c751e8b465ee728b)  -> (artifact id: '55a4fb06316a837747ce02140613bec5') in 0.019200 seconds 
  Import took 0.023134 seconds .

========================================================================
Received Import Request.
  Time since last request: 4.838737 seconds.
  path: Assets/Prefabs/MissileLauncher.prefab
  artifactKey: Guid(810dfb5f6a4b94364a780da6a4c27c09) Importer(815301076,1909f56bfc062723c751e8b465ee728b)
Start importing Assets/Prefabs/MissileLauncher.prefab using Guid(810dfb5f6a4b94364a780da6a4c27c09) Importer(815301076,1909f56bfc062723c751e8b465ee728b)  -> (artifact id: 'bf44cc0c307be7059a3a993b44bc29c8') in 0.020163 seconds 
  Import took 0.023787 seconds .

========================================================================
Received Import Request.
  Time since last request: 10.470253 seconds.
  path: Assets/Prefabs/MissileLauncher.prefab
  artifactKey: Guid(810dfb5f6a4b94364a780da6a4c27c09) Importer(815301076,1909f56bfc062723c751e8b465ee728b)
Start importing Assets/Prefabs/MissileLauncher.prefab using Guid(810dfb5f6a4b94364a780da6a4c27c09) Importer(815301076,1909f56bfc062723c751e8b465ee728b)  -> (artifact id: 'aea42af3bce66a41acc50213eb168d18') in 0.017758 seconds 
  Import took 0.020972 seconds .

========================================================================
Received Import Request.
  Time since last request: 4.232184 seconds.
  path: Assets/Prefabs/MissileLauncher.prefab
  artifactKey: Guid(810dfb5f6a4b94364a780da6a4c27c09) Importer(815301076,1909f56bfc062723c751e8b465ee728b)
Start importing Assets/Prefabs/MissileLauncher.prefab using Guid(810dfb5f6a4b94364a780da6a4c27c09) Importer(815301076,1909f56bfc062723c751e8b465ee728b)  -> (artifact id: '06e7e235d6d26c1a62405d6cf93928f1') in 0.019940 seconds 
  Import took 0.023370 seconds .

========================================================================
Received Prepare
Registering precompiled user dll's ...
Registered in 0.003149 seconds.
Begin MonoManager ReloadAssembly
Native extension for OSXStandalone target not found
Refreshing native plugins compatible for Editor in 0.28 ms, found 2 plugins.
Preloading 0 native plugins for Editor in 0.00 ms.
Mono: successfully reloaded assembly
- Completed reload, in  1.184 seconds
Domain Reload Profiling:
	ReloadAssembly (1184ms)
		BeginReloadAssembly (152ms)
			ExecutionOrderSort (0ms)
			DisableScriptedObjects (5ms)
			BackupInstance (0ms)
			ReleaseScriptingObjects (0ms)
			CreateAndSetChildDomain (62ms)
		EndReloadAssembly (960ms)
			LoadAssemblies (111ms)
			RebuildTransferFunctionScriptingTraits (0ms)
			SetupTypeCache (337ms)
			ReleaseScriptCaches (1ms)
			RebuildScriptCaches (54ms)
			SetupLoadedEditorAssemblies (352ms)
				LogAssemblyErrors (0ms)
				InitializePlatformSupportModulesInManaged (7ms)
				SetLoadedEditorAssemblies (1ms)
				RefreshPlugins (0ms)
				BeforeProcessingInitializeOnLoad (93ms)
				ProcessInitializeOnLoadAttributes (244ms)
				ProcessInitializeOnLoadMethodAttributes (5ms)
				AfterProcessingInitializeOnLoad (2ms)
				EditorAssembliesLoaded (0ms)
			ExecutionOrderSort2 (0ms)
			AwakeInstancesAfterBackupRestoration (8ms)
Platform modules already initialized, skipping
Refreshing native plugins compatible for Editor in 0.30 ms, found 2 plugins.
Preloading 0 native plugins for Editor in 0.00 ms.
Unloading 1400 Unused Serialized files (Serialized files now loaded: 0)
System memory in use before: 168.0 MB.
System memory in use after: 168.1 MB.

Unloading 11 unused Assets to reduce memory usage. Loaded Objects now: 1935.
Total: 2.696737 ms (FindLiveObjects: 0.190568 ms CreateObjectMapping: 0.038609 ms MarkObjects: 2.447896 ms  DeleteObjects: 0.018469 ms)

AssetImportParameters requested are different than current active one (requested -> active):
  custom:video-decoder-ogg-theora: a1e56fd34408186e4bbccfd4996cb3dc -> 
  custom:container-muxer-webm: aa71ff27fc2769a1b78a27578f13a17b -> 
  custom:container-demuxer-webm: 4f35f7cbe854078d1ac9338744f61a02 -> 
  custom:container-demuxer-ogg: 62fdf1f143b41e24485cea50d1cbac27 -> 
  custom:video-encoder-webm-vp8: eb34c28f22e8b96e1ab97ce403110664 -> 
  custom:framework-osx-AVFoundation: e770b220cccbd017edd2c1fefb359320 -> 
  custom:video-decoder-webm-vp8: 9c59270c3fd7afecdb556c50c9e8de78 -> 
  custom:audio-decoder-ogg-vorbis: bf7c407c2cedff20999df2af8eb42d56 -> 
  custom:audio-encoder-webm-vorbis: bf7c407c2cedff20999df2af8eb42d56 -> 
========================================================================
Received Import Request.
  Time since last request: 119.110079 seconds.
  path: Assets/Scripts/Bullet.cs
  artifactKey: Guid(56ca42b29eb264837a3169bfd9a52ad0) Importer(815301076,1909f56bfc062723c751e8b465ee728b)
Start importing Assets/Scripts/Bullet.cs using Guid(56ca42b29eb264837a3169bfd9a52ad0) Importer(815301076,1909f56bfc062723c751e8b465ee728b)  -> (artifact id: '4ba3a6368d2944bd43f091f9ed9e47ee') in 0.389132 seconds 
  Import took 0.392411 seconds .

========================================================================
Received Prepare
Registering precompiled user dll's ...
Registered in 0.002302 seconds.
Begin MonoManager ReloadAssembly
Native extension for OSXStandalone target not found
Refreshing native plugins compatible for Editor in 0.33 ms, found 2 plugins.
Preloading 0 native plugins for Editor in 0.00 ms.
Mono: successfully reloaded assembly
- Completed reload, in  1.218 seconds
Domain Reload Profiling:
	ReloadAssembly (1219ms)
		BeginReloadAssembly (149ms)
			ExecutionOrderSort (0ms)
			DisableScriptedObjects (5ms)
			BackupInstance (0ms)
			ReleaseScriptingObjects (0ms)
			CreateAndSetChildDomain (65ms)
		EndReloadAssembly (995ms)
			LoadAssemblies (106ms)
			RebuildTransferFunctionScriptingTraits (0ms)
			SetupTypeCache (377ms)
			ReleaseScriptCaches (1ms)
			RebuildScriptCaches (51ms)
			SetupLoadedEditorAssemblies (347ms)
				LogAssemblyErrors (0ms)
				InitializePlatformSupportModulesInManaged (5ms)
				SetLoadedEditorAssemblies (0ms)
				RefreshPlugins (0ms)
				BeforeProcessingInitializeOnLoad (86ms)
				ProcessInitializeOnLoadAttributes (247ms)
				ProcessInitializeOnLoadMethodAttributes (5ms)
				AfterProcessingInitializeOnLoad (2ms)
				EditorAssembliesLoaded (0ms)
			ExecutionOrderSort2 (0ms)
			AwakeInstancesAfterBackupRestoration (9ms)
Platform modules already initialized, skipping
Refreshing native plugins compatible for Editor in 0.30 ms, found 2 plugins.
Preloading 0 native plugins for Editor in 0.00 ms.
Unloading 1400 Unused Serialized files (Serialized files now loaded: 0)
System memory in use before: 172.3 MB.
System memory in use after: 172.4 MB.

Unloading 11 unused Assets to reduce memory usage. Loaded Objects now: 1937.
Total: 2.659318 ms (FindLiveObjects: 0.160983 ms CreateObjectMapping: 0.037120 ms MarkObjects: 2.440755 ms  DeleteObjects: 0.018981 ms)

AssetImportParameters requested are different than current active one (requested -> active):
  custom:video-decoder-ogg-theora: a1e56fd34408186e4bbccfd4996cb3dc -> 
  custom:container-muxer-webm: aa71ff27fc2769a1b78a27578f13a17b -> 
  custom:container-demuxer-webm: 4f35f7cbe854078d1ac9338744f61a02 -> 
  custom:container-demuxer-ogg: 62fdf1f143b41e24485cea50d1cbac27 -> 
  custom:video-encoder-webm-vp8: eb34c28f22e8b96e1ab97ce403110664 -> 
  custom:framework-osx-AVFoundation: e770b220cccbd017edd2c1fefb359320 -> 
  custom:video-decoder-webm-vp8: 9c59270c3fd7afecdb556c50c9e8de78 -> 
  custom:audio-decoder-ogg-vorbis: bf7c407c2cedff20999df2af8eb42d56 -> 
  custom:audio-encoder-webm-vorbis: bf7c407c2cedff20999df2af8eb42d56 -> 
========================================================================
Received Import Request.
  Time since last request: 76.393025 seconds.
  path: Assets/Scripts/Bullet.cs
  artifactKey: Guid(56ca42b29eb264837a3169bfd9a52ad0) Importer(815301076,1909f56bfc062723c751e8b465ee728b)
Start importing Assets/Scripts/Bullet.cs using Guid(56ca42b29eb264837a3169bfd9a52ad0) Importer(815301076,1909f56bfc062723c751e8b465ee728b)  -> (artifact id: '2e3e62b65d7e29a07124279d16c997f5') in 0.006683 seconds 
  Import took 0.008915 seconds .

========================================================================
Received Prepare
Registering precompiled user dll's ...
Registered in 0.003973 seconds.
Begin MonoManager ReloadAssembly
Native extension for OSXStandalone target not found
Refreshing native plugins compatible for Editor in 0.39 ms, found 2 plugins.
Preloading 0 native plugins for Editor in 0.00 ms.
Mono: successfully reloaded assembly
- Completed reload, in  1.183 seconds
Domain Reload Profiling:
	ReloadAssembly (1183ms)
		BeginReloadAssembly (147ms)
			ExecutionOrderSort (0ms)
			DisableScriptedObjects (4ms)
			BackupInstance (0ms)
			ReleaseScriptingObjects (0ms)
			CreateAndSetChildDomain (70ms)
		EndReloadAssembly (966ms)
			LoadAssemblies (100ms)
			RebuildTransferFunctionScriptingTraits (0ms)
			SetupTypeCache (345ms)
			ReleaseScriptCaches (1ms)
			RebuildScriptCaches (49ms)
			SetupLoadedEditorAssemblies (357ms)
				LogAssemblyErrors (0ms)
				InitializePlatformSupportModulesInManaged (5ms)
				SetLoadedEditorAssemblies (0ms)
				RefreshPlugins (0ms)
				BeforeProcessingInitializeOnLoad (90ms)
				ProcessInitializeOnLoadAttributes (254ms)
				ProcessInitializeOnLoadMethodAttributes (5ms)
				AfterProcessingInitializeOnLoad (2ms)
				EditorAssembliesLoaded (0ms)
			ExecutionOrderSort2 (0ms)
			AwakeInstancesAfterBackupRestoration (10ms)
Platform modules already initialized, skipping
Refreshing native plugins compatible for Editor in 0.29 ms, found 2 plugins.
Preloading 0 native plugins for Editor in 0.00 ms.
Unloading 1400 Unused Serialized files (Serialized files now loaded: 0)
System memory in use before: 172.5 MB.
System memory in use after: 172.6 MB.

Unloading 11 unused Assets to reduce memory usage. Loaded Objects now: 1939.
Total: 2.444971 ms (FindLiveObjects: 0.141160 ms CreateObjectMapping: 0.038973 ms MarkObjects: 2.246865 ms  DeleteObjects: 0.016899 ms)

AssetImportParameters requested are different than current active one (requested -> active):
  custom:video-decoder-ogg-theora: a1e56fd34408186e4bbccfd4996cb3dc -> 
  custom:container-muxer-webm: aa71ff27fc2769a1b78a27578f13a17b -> 
  custom:container-demuxer-webm: 4f35f7cbe854078d1ac9338744f61a02 -> 
  custom:container-demuxer-ogg: 62fdf1f143b41e24485cea50d1cbac27 -> 
  custom:video-encoder-webm-vp8: eb34c28f22e8b96e1ab97ce403110664 -> 
  custom:framework-osx-AVFoundation: e770b220cccbd017edd2c1fefb359320 -> 
  custom:video-decoder-webm-vp8: 9c59270c3fd7afecdb556c50c9e8de78 -> 
  custom:audio-decoder-ogg-vorbis: bf7c407c2cedff20999df2af8eb42d56 -> 
  custom:audio-encoder-webm-vorbis: bf7c407c2cedff20999df2af8eb42d56 -> 
========================================================================
Received Import Request.
  Time since last request: 47.155757 seconds.
  path: Assets/Prefabs/Missile.prefab
  artifactKey: Guid(78c8896d8c1d441f1bbebefc0a85005c) Importer(815301076,1909f56bfc062723c751e8b465ee728b)
Start importing Assets/Prefabs/Missile.prefab using Guid(78c8896d8c1d441f1bbebefc0a85005c) Importer(815301076,1909f56bfc062723c751e8b465ee728b)  -> (artifact id: '9d4ad57affd83062a090e9ccc577cdb7') in 0.079992 seconds 
  Import took 0.083729 seconds .

========================================================================
Received Import Request.
  Time since last request: 19.014666 seconds.
  path: Assets/Prefabs/Missile.prefab
  artifactKey: Guid(78c8896d8c1d441f1bbebefc0a85005c) Importer(815301076,1909f56bfc062723c751e8b465ee728b)
Start importing Assets/Prefabs/Missile.prefab using Guid(78c8896d8c1d441f1bbebefc0a85005c) Importer(815301076,1909f56bfc062723c751e8b465ee728b)  -> (artifact id: '987441c79614a1f01a355d9d79af25ba') in 0.019256 seconds 
  Import took 0.023371 seconds .

========================================================================
Received Import Request.
  Time since last request: 5.952389 seconds.
  path: Assets/Prefabs/Missile.prefab
  artifactKey: Guid(78c8896d8c1d441f1bbebefc0a85005c) Importer(815301076,1909f56bfc062723c751e8b465ee728b)
Start importing Assets/Prefabs/Missile.prefab using Guid(78c8896d8c1d441f1bbebefc0a85005c) Importer(815301076,1909f56bfc062723c751e8b465ee728b)  -> (artifact id: '20090db0e73f849055fa165ee85c2a63') in 0.016523 seconds 
  Import took 0.020210 seconds .

========================================================================
Received Import Request.
  Time since last request: 17.178199 seconds.
  path: Assets/Prefabs/Missile.prefab
  artifactKey: Guid(78c8896d8c1d441f1bbebefc0a85005c) Importer(815301076,1909f56bfc062723c751e8b465ee728b)
Start importing Assets/Prefabs/Missile.prefab using Guid(78c8896d8c1d441f1bbebefc0a85005c) Importer(815301076,1909f56bfc062723c751e8b465ee728b)  -> (artifact id: '136a8b6d2879da82218cdc9f413e9856') in 0.019098 seconds 
  Import took 0.022572 seconds .

========================================================================
Received Import Request.
  Time since last request: 2.604034 seconds.
  path: Assets/Prefabs/Missile.prefab
  artifactKey: Guid(78c8896d8c1d441f1bbebefc0a85005c) Importer(815301076,1909f56bfc062723c751e8b465ee728b)
Start importing Assets/Prefabs/Missile.prefab using Guid(78c8896d8c1d441f1bbebefc0a85005c) Importer(815301076,1909f56bfc062723c751e8b465ee728b)  -> (artifact id: 'a87026b9971648a97af17f4350a59b05') in 0.021186 seconds 
  Import took 0.024946 seconds .

========================================================================
Received Import Request.
  Time since last request: 0.378402 seconds.
  path: Assets/Prefabs/Missile.prefab
  artifactKey: Guid(78c8896d8c1d441f1bbebefc0a85005c) Importer(815301076,1909f56bfc062723c751e8b465ee728b)
Start importing Assets/Prefabs/Missile.prefab using Guid(78c8896d8c1d441f1bbebefc0a85005c) Importer(815301076,1909f56bfc062723c751e8b465ee728b)  -> (artifact id: '0ec5f0974fbd376dec9d9b1f76dd7cf6') in 0.016666 seconds 
  Import took 0.019974 seconds .

========================================================================
Received Import Request.
  Time since last request: 64.547323 seconds.
  path: Assets/Prefabs/Missile.prefab
  artifactKey: Guid(78c8896d8c1d441f1bbebefc0a85005c) Importer(815301076,1909f56bfc062723c751e8b465ee728b)
Start importing Assets/Prefabs/Missile.prefab using Guid(78c8896d8c1d441f1bbebefc0a85005c) Importer(815301076,1909f56bfc062723c751e8b465ee728b)  -> (artifact id: 'be7b64be4e5ed131afd5604ad96a9fc2') in 0.022699 seconds 
  Import took 0.028001 seconds .

========================================================================
Received Import Request.
  Time since last request: 272.007990 seconds.
  path: Assets/Prefabs/Missile.prefab
  artifactKey: Guid(78c8896d8c1d441f1bbebefc0a85005c) Importer(815301076,1909f56bfc062723c751e8b465ee728b)
Start importing Assets/Prefabs/Missile.prefab using Guid(78c8896d8c1d441f1bbebefc0a85005c) Importer(815301076,1909f56bfc062723c751e8b465ee728b)  -> (artifact id: '9de3f51208ae1447d2549046b7360fae') in 0.017531 seconds 
  Import took 0.021244 seconds .

========================================================================
Received Import Request.
  Time since last request: 26.472503 seconds.
  path: Assets/Prefabs/MissileLauncher.prefab
  artifactKey: Guid(810dfb5f6a4b94364a780da6a4c27c09) Importer(815301076,1909f56bfc062723c751e8b465ee728b)
Start importing Assets/Prefabs/MissileLauncher.prefab using Guid(810dfb5f6a4b94364a780da6a4c27c09) Importer(815301076,1909f56bfc062723c751e8b465ee728b)  -> (artifact id: '0ec826396ddcc05313f46d608a7b632b') in 0.021888 seconds 
  Import took 0.025930 seconds .

========================================================================
Received Prepare
Registering precompiled user dll's ...
Registered in 0.004993 seconds.
Begin MonoManager ReloadAssembly
Native extension for OSXStandalone target not found
Refreshing native plugins compatible for Editor in 0.34 ms, found 2 plugins.
Preloading 0 native plugins for Editor in 0.00 ms.
Mono: successfully reloaded assembly
- Completed reload, in  1.402 seconds
Domain Reload Profiling:
	ReloadAssembly (1403ms)
		BeginReloadAssembly (165ms)
			ExecutionOrderSort (0ms)
			DisableScriptedObjects (5ms)
			BackupInstance (0ms)
			ReleaseScriptingObjects (0ms)
			CreateAndSetChildDomain (71ms)
		EndReloadAssembly (1159ms)
			LoadAssemblies (122ms)
			RebuildTransferFunctionScriptingTraits (0ms)
			SetupTypeCache (395ms)
			ReleaseScriptCaches (1ms)
			RebuildScriptCaches (65ms)
			SetupLoadedEditorAssemblies (435ms)
				LogAssemblyErrors (0ms)
				InitializePlatformSupportModulesInManaged (7ms)
				SetLoadedEditorAssemblies (1ms)
				RefreshPlugins (0ms)
				BeforeProcessingInitializeOnLoad (107ms)
				ProcessInitializeOnLoadAttributes (312ms)
				ProcessInitializeOnLoadMethodAttributes (6ms)
				AfterProcessingInitializeOnLoad (2ms)
				EditorAssembliesLoaded (0ms)
			ExecutionOrderSort2 (0ms)
			AwakeInstancesAfterBackupRestoration (11ms)
Platform modules already initialized, skipping
Refreshing native plugins compatible for Editor in 0.38 ms, found 2 plugins.
Preloading 0 native plugins for Editor in 0.00 ms.
Unloading 1400 Unused Serialized files (Serialized files now loaded: 0)
System memory in use before: 172.7 MB.
System memory in use after: 172.9 MB.

Unloading 11 unused Assets to reduce memory usage. Loaded Objects now: 1942.
Total: 3.263187 ms (FindLiveObjects: 0.162123 ms CreateObjectMapping: 0.042336 ms MarkObjects: 3.038442 ms  DeleteObjects: 0.019059 ms)

AssetImportParameters requested are different than current active one (requested -> active):
  custom:video-decoder-ogg-theora: a1e56fd34408186e4bbccfd4996cb3dc -> 
  custom:container-muxer-webm: aa71ff27fc2769a1b78a27578f13a17b -> 
  custom:container-demuxer-webm: 4f35f7cbe854078d1ac9338744f61a02 -> 
  custom:container-demuxer-ogg: 62fdf1f143b41e24485cea50d1cbac27 -> 
  custom:video-encoder-webm-vp8: eb34c28f22e8b96e1ab97ce403110664 -> 
  custom:framework-osx-AVFoundation: e770b220cccbd017edd2c1fefb359320 -> 
  custom:video-decoder-webm-vp8: 9c59270c3fd7afecdb556c50c9e8de78 -> 
  custom:audio-decoder-ogg-vorbis: bf7c407c2cedff20999df2af8eb42d56 -> 
  custom:audio-encoder-webm-vorbis: bf7c407c2cedff20999df2af8eb42d56 -> 
========================================================================
Received Import Request.
  Time since last request: 92.721444 seconds.
  path: Assets/Prefabs/Missile.prefab
  artifactKey: Guid(78c8896d8c1d441f1bbebefc0a85005c) Importer(815301076,1909f56bfc062723c751e8b465ee728b)
Start importing Assets/Prefabs/Missile.prefab using Guid(78c8896d8c1d441f1bbebefc0a85005c) Importer(815301076,1909f56bfc062723c751e8b465ee728b)  -> (artifact id: '85143fcb1bc709671bbc9fcca4c75213') in 0.086326 seconds 
  Import took 0.089636 seconds .

========================================================================
Received Import Request.
  Time since last request: 334.620596 seconds.
  path: Assets/Scripts/Bullet.cs
  artifactKey: Guid(56ca42b29eb264837a3169bfd9a52ad0) Importer(815301076,1909f56bfc062723c751e8b465ee728b)
Start importing Assets/Scripts/Bullet.cs using Guid(56ca42b29eb264837a3169bfd9a52ad0) Importer(815301076,1909f56bfc062723c751e8b465ee728b)  -> (artifact id: 'c636dd9332efb8a6517ecbe01720ce9d') in 0.006214 seconds 
  Import took 0.009720 seconds .

========================================================================
Received Prepare
Registering precompiled user dll's ...
Registered in 0.002277 seconds.
Begin MonoManager ReloadAssembly
Native extension for OSXStandalone target not found
Refreshing native plugins compatible for Editor in 0.31 ms, found 2 plugins.
Preloading 0 native plugins for Editor in 0.00 ms.
Mono: successfully reloaded assembly
- Completed reload, in  1.193 seconds
Domain Reload Profiling:
	ReloadAssembly (1194ms)
		BeginReloadAssembly (148ms)
			ExecutionOrderSort (0ms)
			DisableScriptedObjects (5ms)
			BackupInstance (0ms)
			ReleaseScriptingObjects (0ms)
			CreateAndSetChildDomain (63ms)
		EndReloadAssembly (962ms)
			LoadAssemblies (103ms)
			RebuildTransferFunctionScriptingTraits (0ms)
			SetupTypeCache (378ms)
			ReleaseScriptCaches (1ms)
			RebuildScriptCaches (52ms)
			SetupLoadedEditorAssemblies (326ms)
				LogAssemblyErrors (0ms)
				InitializePlatformSupportModulesInManaged (5ms)
				SetLoadedEditorAssemblies (0ms)
				RefreshPlugins (0ms)
				BeforeProcessingInitializeOnLoad (84ms)
				ProcessInitializeOnLoadAttributes (230ms)
				ProcessInitializeOnLoadMethodAttributes (4ms)
				AfterProcessingInitializeOnLoad (2ms)
				EditorAssembliesLoaded (0ms)
			ExecutionOrderSort2 (0ms)
			AwakeInstancesAfterBackupRestoration (7ms)
Platform modules already initialized, skipping
Refreshing native plugins compatible for Editor in 0.31 ms, found 2 plugins.
Preloading 0 native plugins for Editor in 0.00 ms.
Unloading 1400 Unused Serialized files (Serialized files now loaded: 0)
System memory in use before: 172.9 MB.
System memory in use after: 173.0 MB.

Unloading 11 unused Assets to reduce memory usage. Loaded Objects now: 1945.
Total: 2.481331 ms (FindLiveObjects: 0.136569 ms CreateObjectMapping: 0.037115 ms MarkObjects: 2.291714 ms  DeleteObjects: 0.014977 ms)

AssetImportParameters requested are different than current active one (requested -> active):
  custom:video-decoder-ogg-theora: a1e56fd34408186e4bbccfd4996cb3dc -> 
  custom:container-muxer-webm: aa71ff27fc2769a1b78a27578f13a17b -> 
  custom:container-demuxer-webm: 4f35f7cbe854078d1ac9338744f61a02 -> 
  custom:container-demuxer-ogg: 62fdf1f143b41e24485cea50d1cbac27 -> 
  custom:video-encoder-webm-vp8: eb34c28f22e8b96e1ab97ce403110664 -> 
  custom:framework-osx-AVFoundation: e770b220cccbd017edd2c1fefb359320 -> 
  custom:video-decoder-webm-vp8: 9c59270c3fd7afecdb556c50c9e8de78 -> 
  custom:audio-decoder-ogg-vorbis: bf7c407c2cedff20999df2af8eb42d56 -> 
  custom:audio-encoder-webm-vorbis: bf7c407c2cedff20999df2af8eb42d56 -> 
========================================================================
Received Import Request.
  Time since last request: 17.594135 seconds.
  path: Assets/Scripts/Bullet.cs
  artifactKey: Guid(56ca42b29eb264837a3169bfd9a52ad0) Importer(815301076,1909f56bfc062723c751e8b465ee728b)
Start importing Assets/Scripts/Bullet.cs using Guid(56ca42b29eb264837a3169bfd9a52ad0) Importer(815301076,1909f56bfc062723c751e8b465ee728b)  -> (artifact id: 'c183139ebc93ac5d7bb2b37a0ea33c58') in 0.006807 seconds 
  Import took 0.009822 seconds .

========================================================================
Received Import Request.
  Time since last request: 6.630251 seconds.
  path: Assets/Prefabs/Bullet.prefab
  artifactKey: Guid(61003697c04c04dd38513a5520d60118) Importer(815301076,1909f56bfc062723c751e8b465ee728b)
Start importing Assets/Prefabs/Bullet.prefab using Guid(61003697c04c04dd38513a5520d60118) Importer(815301076,1909f56bfc062723c751e8b465ee728b)  -> (artifact id: '4098e30cc2700459e4db98d039c70c88') in 0.062045 seconds 
  Import took 0.064913 seconds .

========================================================================
Received Import Request.
  Time since last request: 0.000337 seconds.
  path: Assets/Prefabs/Missile.prefab
  artifactKey: Guid(78c8896d8c1d441f1bbebefc0a85005c) Importer(815301076,1909f56bfc062723c751e8b465ee728b)
Start importing Assets/Prefabs/Missile.prefab using Guid(78c8896d8c1d441f1bbebefc0a85005c) Importer(815301076,1909f56bfc062723c751e8b465ee728b)  -> (artifact id: '8e01b4d3450973098f84729a27ebe780') in 0.016837 seconds 
  Import took 0.020350 seconds .

========================================================================
Received Import Request.
  Time since last request: 13.714120 seconds.
  path: Assets/Prefabs/Missile.prefab
  artifactKey: Guid(78c8896d8c1d441f1bbebefc0a85005c) Importer(815301076,1909f56bfc062723c751e8b465ee728b)
Start importing Assets/Prefabs/Missile.prefab using Guid(78c8896d8c1d441f1bbebefc0a85005c) Importer(815301076,1909f56bfc062723c751e8b465ee728b)  -> (artifact id: '4401ae734eab8203f9e17bad0d55cf58') in 0.016952 seconds 
  Import took 0.020868 seconds .

========================================================================
Received Prepare
Registering precompiled user dll's ...
Registered in 0.002733 seconds.
Begin MonoManager ReloadAssembly
Native extension for OSXStandalone target not found
Refreshing native plugins compatible for Editor in 0.31 ms, found 2 plugins.
Preloading 0 native plugins for Editor in 0.00 ms.
Mono: successfully reloaded assembly
- Completed reload, in  1.171 seconds
Domain Reload Profiling:
	ReloadAssembly (1171ms)
		BeginReloadAssembly (138ms)
			ExecutionOrderSort (0ms)
			DisableScriptedObjects (5ms)
			BackupInstance (0ms)
			ReleaseScriptingObjects (0ms)
			CreateAndSetChildDomain (59ms)
		EndReloadAssembly (953ms)
			LoadAssemblies (103ms)
			RebuildTransferFunctionScriptingTraits (0ms)
			SetupTypeCache (340ms)
			ReleaseScriptCaches (1ms)
			RebuildScriptCaches (49ms)
			SetupLoadedEditorAssemblies (350ms)
				LogAssemblyErrors (0ms)
				InitializePlatformSupportModulesInManaged (6ms)
				SetLoadedEditorAssemblies (1ms)
				RefreshPlugins (0ms)
				BeforeProcessingInitializeOnLoad (84ms)
				ProcessInitializeOnLoadAttributes (252ms)
				ProcessInitializeOnLoadMethodAttributes (5ms)
				AfterProcessingInitializeOnLoad (2ms)
				EditorAssembliesLoaded (0ms)
			ExecutionOrderSort2 (0ms)
			AwakeInstancesAfterBackupRestoration (8ms)
Platform modules already initialized, skipping
Refreshing native plugins compatible for Editor in 0.30 ms, found 2 plugins.
Preloading 0 native plugins for Editor in 0.00 ms.
Unloading 1400 Unused Serialized files (Serialized files now loaded: 0)
System memory in use before: 173.1 MB.
System memory in use after: 173.2 MB.

Unloading 11 unused Assets to reduce memory usage. Loaded Objects now: 1949.
Total: 2.452734 ms (FindLiveObjects: 0.139923 ms CreateObjectMapping: 0.038709 ms MarkObjects: 2.256620 ms  DeleteObjects: 0.016423 ms)

AssetImportParameters requested are different than current active one (requested -> active):
  custom:video-decoder-ogg-theora: a1e56fd34408186e4bbccfd4996cb3dc -> 
  custom:container-muxer-webm: aa71ff27fc2769a1b78a27578f13a17b -> 
  custom:container-demuxer-webm: 4f35f7cbe854078d1ac9338744f61a02 -> 
  custom:container-demuxer-ogg: 62fdf1f143b41e24485cea50d1cbac27 -> 
  custom:video-encoder-webm-vp8: eb34c28f22e8b96e1ab97ce403110664 -> 
  custom:framework-osx-AVFoundation: e770b220cccbd017edd2c1fefb359320 -> 
  custom:video-decoder-webm-vp8: 9c59270c3fd7afecdb556c50c9e8de78 -> 
  custom:audio-decoder-ogg-vorbis: bf7c407c2cedff20999df2af8eb42d56 -> 
  custom:audio-encoder-webm-vorbis: bf7c407c2cedff20999df2af8eb42d56 -> 
========================================================================
Received Prepare
Registering precompiled user dll's ...
Registered in 0.006100 seconds.
Begin MonoManager ReloadAssembly
Native extension for OSXStandalone target not found
Refreshing native plugins compatible for Editor in 0.31 ms, found 2 plugins.
Preloading 0 native plugins for Editor in 0.00 ms.
Mono: successfully reloaded assembly
- Completed reload, in  1.232 seconds
Domain Reload Profiling:
	ReloadAssembly (1233ms)
		BeginReloadAssembly (155ms)
			ExecutionOrderSort (0ms)
			DisableScriptedObjects (5ms)
			BackupInstance (0ms)
			ReleaseScriptingObjects (0ms)
			CreateAndSetChildDomain (63ms)
		EndReloadAssembly (994ms)
			LoadAssemblies (118ms)
			RebuildTransferFunctionScriptingTraits (0ms)
			SetupTypeCache (340ms)
			ReleaseScriptCaches (1ms)
			RebuildScriptCaches (59ms)
			SetupLoadedEditorAssemblies (352ms)
				LogAssemblyErrors (0ms)
				InitializePlatformSupportModulesInManaged (5ms)
				SetLoadedEditorAssemblies (1ms)
				RefreshPlugins (0ms)
				BeforeProcessingInitializeOnLoad (85ms)
				ProcessInitializeOnLoadAttributes (254ms)
				ProcessInitializeOnLoadMethodAttributes (5ms)
				AfterProcessingInitializeOnLoad (2ms)
				EditorAssembliesLoaded (0ms)
			ExecutionOrderSort2 (0ms)
			AwakeInstancesAfterBackupRestoration (9ms)
Platform modules already initialized, skipping
Refreshing native plugins compatible for Editor in 0.34 ms, found 2 plugins.
Preloading 0 native plugins for Editor in 0.00 ms.
Unloading 1400 Unused Serialized files (Serialized files now loaded: 0)
System memory in use before: 173.3 MB.
System memory in use after: 173.4 MB.

Unloading 11 unused Assets to reduce memory usage. Loaded Objects now: 1951.
Total: 2.445009 ms (FindLiveObjects: 0.139484 ms CreateObjectMapping: 0.038710 ms MarkObjects: 2.244336 ms  DeleteObjects: 0.016460 ms)

AssetImportParameters requested are different than current active one (requested -> active):
  custom:video-decoder-ogg-theora: a1e56fd34408186e4bbccfd4996cb3dc -> 
  custom:container-muxer-webm: aa71ff27fc2769a1b78a27578f13a17b -> 
  custom:container-demuxer-webm: 4f35f7cbe854078d1ac9338744f61a02 -> 
  custom:container-demuxer-ogg: 62fdf1f143b41e24485cea50d1cbac27 -> 
  custom:video-encoder-webm-vp8: eb34c28f22e8b96e1ab97ce403110664 -> 
  custom:framework-osx-AVFoundation: e770b220cccbd017edd2c1fefb359320 -> 
  custom:video-decoder-webm-vp8: 9c59270c3fd7afecdb556c50c9e8de78 -> 
  custom:audio-decoder-ogg-vorbis: bf7c407c2cedff20999df2af8eb42d56 -> 
  custom:audio-encoder-webm-vorbis: bf7c407c2cedff20999df2af8eb42d56 -> 
========================================================================
Received Import Request.
  Time since last request: 173.367386 seconds.
  path: Assets/Materials/Primary Missle M.mat
  artifactKey: Guid(b5da96b8dfe0e4d9185fa27ee857d7fa) Importer(815301076,1909f56bfc062723c751e8b465ee728b)
Start importing Assets/Materials/Primary Missle M.mat using Guid(b5da96b8dfe0e4d9185fa27ee857d7fa) Importer(815301076,1909f56bfc062723c751e8b465ee728b)  -> (artifact id: 'ca25a9f83b209d17e3706bb8eb0f0442') in 0.067681 seconds 
  Import took 0.070937 seconds .

========================================================================
Received Import Request.
  Time since last request: 8.328593 seconds.
  path: Assets/Prefabs/Bullet Impact Effect 1.prefab
  artifactKey: Guid(97bfc65c0468d4001b6edcb0db17ac9b) Importer(815301076,1909f56bfc062723c751e8b465ee728b)
Start importing Assets/Prefabs/Bullet Impact Effect 1.prefab using Guid(97bfc65c0468d4001b6edcb0db17ac9b) Importer(815301076,1909f56bfc062723c751e8b465ee728b)  -> (artifact id: '55b5e9818461f1b325fd4a9d2fb2d57c') in 0.042153 seconds 
  Import took 0.047080 seconds .

========================================================================
Received Import Request.
  Time since last request: 23.954800 seconds.
  path: Assets/Prefabs/Missile Explosion Eff.prefab
  artifactKey: Guid(97bfc65c0468d4001b6edcb0db17ac9b) Importer(815301076,1909f56bfc062723c751e8b465ee728b)
Start importing Assets/Prefabs/Missile Explosion Eff.prefab using Guid(97bfc65c0468d4001b6edcb0db17ac9b) Importer(815301076,1909f56bfc062723c751e8b465ee728b)  -> (artifact id: '46be05cf386254d11e0809b3478ea26e') in 0.020147 seconds 
  Import took 0.023481 seconds .

========================================================================
Received Import Request.
  Time since last request: 9.342249 seconds.
  path: Assets/Prefabs/Missile Explosion Eff.prefab
  artifactKey: Guid(97bfc65c0468d4001b6edcb0db17ac9b) Importer(815301076,1909f56bfc062723c751e8b465ee728b)
Start importing Assets/Prefabs/Missile Explosion Eff.prefab using Guid(97bfc65c0468d4001b6edcb0db17ac9b) Importer(815301076,1909f56bfc062723c751e8b465ee728b)  -> (artifact id: '03e87382518a5e66bf721a8147646d49') in 0.014841 seconds 
  Import took 0.017954 seconds .

========================================================================
Received Import Request.
  Time since last request: 24.615794 seconds.
  path: Assets/Prefabs/Missile Explosion Eff.prefab
  artifactKey: Guid(97bfc65c0468d4001b6edcb0db17ac9b) Importer(815301076,1909f56bfc062723c751e8b465ee728b)
Start importing Assets/Prefabs/Missile Explosion Eff.prefab using Guid(97bfc65c0468d4001b6edcb0db17ac9b) Importer(815301076,1909f56bfc062723c751e8b465ee728b)  -> (artifact id: '88b421f4dc51cc994587462530227386') in 0.017033 seconds 
  Import took 0.020831 seconds .

========================================================================
Received Import Request.
  Time since last request: 7.880603 seconds.
  path: Assets/Prefabs/Bullet Impact Effect 1.prefab
  artifactKey: Guid(97bfc65c0468d4001b6edcb0db17ac9b) Importer(815301076,1909f56bfc062723c751e8b465ee728b)
Start importing Assets/Prefabs/Bullet Impact Effect 1.prefab using Guid(97bfc65c0468d4001b6edcb0db17ac9b) Importer(815301076,1909f56bfc062723c751e8b465ee728b)  -> (artifact id: '96eaec2198d92baa5b7c5753b9395557') in 0.013628 seconds 
  Import took 0.016760 seconds .

========================================================================
Received Import Request.
  Time since last request: 163.190036 seconds.
  path: Assets/Materials/Explosion Sparks.mat
  artifactKey: Guid(62fbdc5da87c34df48903cc2629ca860) Importer(815301076,1909f56bfc062723c751e8b465ee728b)
Start importing Assets/Materials/Explosion Sparks.mat using Guid(62fbdc5da87c34df48903cc2629ca860) Importer(815301076,1909f56bfc062723c751e8b465ee728b)  -> (artifact id: '51c000e9f5418f5b89f6f578417bdb76') in 0.020305 seconds 
  Import took 0.023422 seconds .

========================================================================
Received Import Request.
  Time since last request: 139.112840 seconds.
  path: Assets/Prefabs/Missile Effect .prefab
  artifactKey: Guid(8d439e98997b04fc18e350be8e972a6f) Importer(815301076,1909f56bfc062723c751e8b465ee728b)
Start importing Assets/Prefabs/Missile Effect .prefab using Guid(8d439e98997b04fc18e350be8e972a6f) Importer(815301076,1909f56bfc062723c751e8b465ee728b)  -> (artifact id: 'd953b86da8b16cb76eeb82f1d006885b') in 0.018546 seconds 
  Import took 0.021836 seconds .

========================================================================
Received Prepare
Registering precompiled user dll's ...
Registered in 0.004731 seconds.
Begin MonoManager ReloadAssembly
Native extension for OSXStandalone target not found
Refreshing native plugins compatible for Editor in 0.31 ms, found 2 plugins.
Preloading 0 native plugins for Editor in 0.00 ms.
Mono: successfully reloaded assembly
- Completed reload, in  1.229 seconds
Domain Reload Profiling:
	ReloadAssembly (1229ms)
		BeginReloadAssembly (151ms)
			ExecutionOrderSort (0ms)
			DisableScriptedObjects (5ms)
			BackupInstance (0ms)
			ReleaseScriptingObjects (0ms)
			CreateAndSetChildDomain (67ms)
		EndReloadAssembly (1005ms)
			LoadAssemblies (109ms)
			RebuildTransferFunctionScriptingTraits (0ms)
			SetupTypeCache (369ms)
			ReleaseScriptCaches (1ms)
			RebuildScriptCaches (61ms)
			SetupLoadedEditorAssemblies (354ms)
				LogAssemblyErrors (0ms)
				InitializePlatformSupportModulesInManaged (6ms)
				SetLoadedEditorAssemblies (1ms)
				RefreshPlugins (0ms)
				BeforeProcessingInitializeOnLoad (85ms)
				ProcessInitializeOnLoadAttributes (256ms)
				ProcessInitializeOnLoadMethodAttributes (4ms)
				AfterProcessingInitializeOnLoad (2ms)
				EditorAssembliesLoaded (0ms)
			ExecutionOrderSort2 (0ms)
			AwakeInstancesAfterBackupRestoration (7ms)
Platform modules already initialized, skipping
Refreshing native plugins compatible for Editor in 0.31 ms, found 2 plugins.
Preloading 0 native plugins for Editor in 0.00 ms.
Unloading 1400 Unused Serialized files (Serialized files now loaded: 0)
System memory in use before: 173.5 MB.
System memory in use after: 173.6 MB.

Unloading 11 unused Assets to reduce memory usage. Loaded Objects now: 1954.
Total: 2.442712 ms (FindLiveObjects: 0.139945 ms CreateObjectMapping: 0.040251 ms MarkObjects: 2.240613 ms  DeleteObjects: 0.017325 ms)

AssetImportParameters requested are different than current active one (requested -> active):
  custom:video-decoder-ogg-theora: a1e56fd34408186e4bbccfd4996cb3dc -> 
  custom:container-muxer-webm: aa71ff27fc2769a1b78a27578f13a17b -> 
  custom:container-demuxer-webm: 4f35f7cbe854078d1ac9338744f61a02 -> 
  custom:container-demuxer-ogg: 62fdf1f143b41e24485cea50d1cbac27 -> 
  custom:video-encoder-webm-vp8: eb34c28f22e8b96e1ab97ce403110664 -> 
  custom:framework-osx-AVFoundation: e770b220cccbd017edd2c1fefb359320 -> 
  custom:video-decoder-webm-vp8: 9c59270c3fd7afecdb556c50c9e8de78 -> 
  custom:audio-decoder-ogg-vorbis: bf7c407c2cedff20999df2af8eb42d56 -> 
  custom:audio-encoder-webm-vorbis: bf7c407c2cedff20999df2af8eb42d56 -> 
========================================================================
Received Import Request.
  Time since last request: 37.735700 seconds.
  path: Assets/Prefabs/Missile.prefab
  artifactKey: Guid(78c8896d8c1d441f1bbebefc0a85005c) Importer(815301076,1909f56bfc062723c751e8b465ee728b)
Start importing Assets/Prefabs/Missile.prefab using Guid(78c8896d8c1d441f1bbebefc0a85005c) Importer(815301076,1909f56bfc062723c751e8b465ee728b)  -> (artifact id: '7ab29842781e3a8f0f3515f23d9d9676') in 0.087675 seconds 
  Import took 0.092080 seconds .

========================================================================
Received Prepare
Registering precompiled user dll's ...
Registered in 0.004445 seconds.
Begin MonoManager ReloadAssembly
Native extension for OSXStandalone target not found
Refreshing native plugins compatible for Editor in 0.31 ms, found 2 plugins.
Preloading 0 native plugins for Editor in 0.00 ms.
Mono: successfully reloaded assembly
- Completed reload, in  1.218 seconds
Domain Reload Profiling:
	ReloadAssembly (1219ms)
		BeginReloadAssembly (154ms)
			ExecutionOrderSort (0ms)
			DisableScriptedObjects (5ms)
			BackupInstance (0ms)
			ReleaseScriptingObjects (0ms)
			CreateAndSetChildDomain (71ms)
		EndReloadAssembly (981ms)
			LoadAssemblies (106ms)
			RebuildTransferFunctionScriptingTraits (0ms)
			SetupTypeCache (349ms)
			ReleaseScriptCaches (1ms)
			RebuildScriptCaches (59ms)
			SetupLoadedEditorAssemblies (351ms)
				LogAssemblyErrors (0ms)
				InitializePlatformSupportModulesInManaged (5ms)
				SetLoadedEditorAssemblies (1ms)
				RefreshPlugins (0ms)
				BeforeProcessingInitializeOnLoad (90ms)
				ProcessInitializeOnLoadAttributes (249ms)
				ProcessInitializeOnLoadMethodAttributes (4ms)
				AfterProcessingInitializeOnLoad (2ms)
				EditorAssembliesLoaded (0ms)
			ExecutionOrderSort2 (0ms)
			AwakeInstancesAfterBackupRestoration (10ms)
Platform modules already initialized, skipping
Refreshing native plugins compatible for Editor in 0.30 ms, found 2 plugins.
Preloading 0 native plugins for Editor in 0.00 ms.
Unloading 1400 Unused Serialized files (Serialized files now loaded: 0)
System memory in use before: 173.7 MB.
System memory in use after: 173.8 MB.

Unloading 11 unused Assets to reduce memory usage. Loaded Objects now: 1957.
Total: 2.731014 ms (FindLiveObjects: 0.143910 ms CreateObjectMapping: 0.036216 ms MarkObjects: 2.532073 ms  DeleteObjects: 0.017473 ms)

AssetImportParameters requested are different than current active one (requested -> active):
  custom:video-decoder-ogg-theora: a1e56fd34408186e4bbccfd4996cb3dc -> 
  custom:container-muxer-webm: aa71ff27fc2769a1b78a27578f13a17b -> 
  custom:container-demuxer-webm: 4f35f7cbe854078d1ac9338744f61a02 -> 
  custom:container-demuxer-ogg: 62fdf1f143b41e24485cea50d1cbac27 -> 
  custom:video-encoder-webm-vp8: eb34c28f22e8b96e1ab97ce403110664 -> 
  custom:framework-osx-AVFoundation: e770b220cccbd017edd2c1fefb359320 -> 
  custom:video-decoder-webm-vp8: 9c59270c3fd7afecdb556c50c9e8de78 -> 
  custom:audio-decoder-ogg-vorbis: bf7c407c2cedff20999df2af8eb42d56 -> 
  custom:audio-encoder-webm-vorbis: bf7c407c2cedff20999df2af8eb42d56 -> 
========================================================================
Received Import Request.
  Time since last request: 26.501181 seconds.
  path: Assets/Prefabs/Missile Effect .prefab
  artifactKey: Guid(8d439e98997b04fc18e350be8e972a6f) Importer(815301076,1909f56bfc062723c751e8b465ee728b)
Start importing Assets/Prefabs/Missile Effect .prefab using Guid(8d439e98997b04fc18e350be8e972a6f) Importer(815301076,1909f56bfc062723c751e8b465ee728b)  -> (artifact id: '622ab10dde410d6b857357d8570da4c0') in 0.065861 seconds 
  Import took 0.068945 seconds .

========================================================================
Received Import Request.
  Time since last request: 10.466477 seconds.
  path: Assets/Prefabs/Missile Effect .prefab
  artifactKey: Guid(8d439e98997b04fc18e350be8e972a6f) Importer(815301076,1909f56bfc062723c751e8b465ee728b)
Start importing Assets/Prefabs/Missile Effect .prefab using Guid(8d439e98997b04fc18e350be8e972a6f) Importer(815301076,1909f56bfc062723c751e8b465ee728b)  -> (artifact id: '0d26202e8897a92cbca5b5a0606b6df1') in 0.015973 seconds 
  Import took 0.019161 seconds .

========================================================================
Received Import Request.
  Time since last request: 5.653663 seconds.
  path: Assets/Prefabs/Missile Effect .prefab
  artifactKey: Guid(8d439e98997b04fc18e350be8e972a6f) Importer(815301076,1909f56bfc062723c751e8b465ee728b)
Start importing Assets/Prefabs/Missile Effect .prefab using Guid(8d439e98997b04fc18e350be8e972a6f) Importer(815301076,1909f56bfc062723c751e8b465ee728b)  -> (artifact id: '778a6944880f86d83ef8201e2d8cfbfd') in 0.020085 seconds 
  Import took 0.023407 seconds .

========================================================================
Received Import Request.
  Time since last request: 3.821550 seconds.
  path: Assets/Prefabs/Missile Effect .prefab
  artifactKey: Guid(8d439e98997b04fc18e350be8e972a6f) Importer(815301076,1909f56bfc062723c751e8b465ee728b)
Start importing Assets/Prefabs/Missile Effect .prefab using Guid(8d439e98997b04fc18e350be8e972a6f) Importer(815301076,1909f56bfc062723c751e8b465ee728b)  -> (artifact id: '82e6a7c37c48eb1a5d11de5d7d69c1b0') in 0.020676 seconds 
  Import took 0.025991 seconds .

========================================================================
Received Import Request.
  Time since last request: 12.630474 seconds.
  path: Assets/Prefabs/Missile Effect .prefab
  artifactKey: Guid(8d439e98997b04fc18e350be8e972a6f) Importer(815301076,1909f56bfc062723c751e8b465ee728b)
Start importing Assets/Prefabs/Missile Effect .prefab using Guid(8d439e98997b04fc18e350be8e972a6f) Importer(815301076,1909f56bfc062723c751e8b465ee728b)  -> (artifact id: 'dff496c686421be838d8d1db1bec7689') in 0.014107 seconds 
  Import took 0.018017 seconds .

========================================================================
Received Import Request.
  Time since last request: 30.858856 seconds.
  path: Assets/Prefabs/Missile Effect .prefab
  artifactKey: Guid(8d439e98997b04fc18e350be8e972a6f) Importer(815301076,1909f56bfc062723c751e8b465ee728b)
Start importing Assets/Prefabs/Missile Effect .prefab using Guid(8d439e98997b04fc18e350be8e972a6f) Importer(815301076,1909f56bfc062723c751e8b465ee728b)  -> (artifact id: '7dd78ac6ee72612036f06df3eceeeadc') in 0.018801 seconds 
  Import took 0.022500 seconds .

========================================================================
Received Prepare
Registering precompiled user dll's ...
Registered in 0.003618 seconds.
Begin MonoManager ReloadAssembly
Native extension for OSXStandalone target not found
Refreshing native plugins compatible for Editor in 0.38 ms, found 2 plugins.
Preloading 0 native plugins for Editor in 0.00 ms.
Mono: successfully reloaded assembly
- Completed reload, in  1.219 seconds
Domain Reload Profiling:
	ReloadAssembly (1219ms)
		BeginReloadAssembly (168ms)
			ExecutionOrderSort (0ms)
			DisableScriptedObjects (4ms)
			BackupInstance (0ms)
			ReleaseScriptingObjects (0ms)
			CreateAndSetChildDomain (74ms)
		EndReloadAssembly (980ms)
			LoadAssemblies (118ms)
			RebuildTransferFunctionScriptingTraits (0ms)
			SetupTypeCache (365ms)
			ReleaseScriptCaches (1ms)
			RebuildScriptCaches (50ms)
			SetupLoadedEditorAssemblies (355ms)
				LogAssemblyErrors (0ms)
				InitializePlatformSupportModulesInManaged (5ms)
				SetLoadedEditorAssemblies (1ms)
				RefreshPlugins (0ms)
				BeforeProcessingInitializeOnLoad (91ms)
				ProcessInitializeOnLoadAttributes (252ms)
				ProcessInitializeOnLoadMethodAttributes (4ms)
				AfterProcessingInitializeOnLoad (2ms)
				EditorAssembliesLoaded (0ms)
			ExecutionOrderSort2 (0ms)
			AwakeInstancesAfterBackupRestoration (8ms)
Platform modules already initialized, skipping
Refreshing native plugins compatible for Editor in 0.31 ms, found 2 plugins.
Preloading 0 native plugins for Editor in 0.00 ms.
Unloading 1400 Unused Serialized files (Serialized files now loaded: 0)
System memory in use before: 173.9 MB.
System memory in use after: 174.0 MB.

Unloading 11 unused Assets to reduce memory usage. Loaded Objects now: 1960.
Total: 2.600358 ms (FindLiveObjects: 0.167330 ms CreateObjectMapping: 0.035778 ms MarkObjects: 2.379797 ms  DeleteObjects: 0.016533 ms)

AssetImportParameters requested are different than current active one (requested -> active):
  custom:video-decoder-ogg-theora: a1e56fd34408186e4bbccfd4996cb3dc -> 
  custom:container-muxer-webm: aa71ff27fc2769a1b78a27578f13a17b -> 
  custom:container-demuxer-webm: 4f35f7cbe854078d1ac9338744f61a02 -> 
  custom:container-demuxer-ogg: 62fdf1f143b41e24485cea50d1cbac27 -> 
  custom:video-encoder-webm-vp8: eb34c28f22e8b96e1ab97ce403110664 -> 
  custom:framework-osx-AVFoundation: e770b220cccbd017edd2c1fefb359320 -> 
  custom:video-decoder-webm-vp8: 9c59270c3fd7afecdb556c50c9e8de78 -> 
  custom:audio-decoder-ogg-vorbis: bf7c407c2cedff20999df2af8eb42d56 -> 
  custom:audio-encoder-webm-vorbis: bf7c407c2cedff20999df2af8eb42d56 -> 
========================================================================
Received Prepare
Registering precompiled user dll's ...
Registered in 0.003329 seconds.
Begin MonoManager ReloadAssembly
Native extension for OSXStandalone target not found
Refreshing native plugins compatible for Editor in 0.31 ms, found 2 plugins.
Preloading 0 native plugins for Editor in 0.00 ms.
Mono: successfully reloaded assembly
- Completed reload, in  1.229 seconds
Domain Reload Profiling:
	ReloadAssembly (1230ms)
		BeginReloadAssembly (155ms)
			ExecutionOrderSort (0ms)
			DisableScriptedObjects (5ms)
			BackupInstance (0ms)
			ReleaseScriptingObjects (0ms)
			CreateAndSetChildDomain (65ms)
		EndReloadAssembly (1004ms)
			LoadAssemblies (108ms)
			RebuildTransferFunctionScriptingTraits (0ms)
			SetupTypeCache (342ms)
			ReleaseScriptCaches (1ms)
			RebuildScriptCaches (55ms)
			SetupLoadedEditorAssemblies (379ms)
				LogAssemblyErrors (0ms)
				InitializePlatformSupportModulesInManaged (6ms)
				SetLoadedEditorAssemblies (1ms)
				RefreshPlugins (0ms)
				BeforeProcessingInitializeOnLoad (89ms)
				ProcessInitializeOnLoadAttributes (274ms)
				ProcessInitializeOnLoadMethodAttributes (7ms)
				AfterProcessingInitializeOnLoad (3ms)
				EditorAssembliesLoaded (0ms)
			ExecutionOrderSort2 (0ms)
			AwakeInstancesAfterBackupRestoration (13ms)
Platform modules already initialized, skipping
Refreshing native plugins compatible for Editor in 0.39 ms, found 2 plugins.
Preloading 0 native plugins for Editor in 0.00 ms.
Unloading 1400 Unused Serialized files (Serialized files now loaded: 0)
System memory in use before: 174.1 MB.
System memory in use after: 174.2 MB.

Unloading 11 unused Assets to reduce memory usage. Loaded Objects now: 1962.
Total: 2.887688 ms (FindLiveObjects: 0.151467 ms CreateObjectMapping: 0.049383 ms MarkObjects: 2.662719 ms  DeleteObjects: 0.022838 ms)

AssetImportParameters requested are different than current active one (requested -> active):
  custom:video-decoder-ogg-theora: a1e56fd34408186e4bbccfd4996cb3dc -> 
  custom:container-muxer-webm: aa71ff27fc2769a1b78a27578f13a17b -> 
  custom:container-demuxer-webm: 4f35f7cbe854078d1ac9338744f61a02 -> 
  custom:container-demuxer-ogg: 62fdf1f143b41e24485cea50d1cbac27 -> 
  custom:video-encoder-webm-vp8: eb34c28f22e8b96e1ab97ce403110664 -> 
  custom:framework-osx-AVFoundation: e770b220cccbd017edd2c1fefb359320 -> 
  custom:video-decoder-webm-vp8: 9c59270c3fd7afecdb556c50c9e8de78 -> 
  custom:audio-decoder-ogg-vorbis: bf7c407c2cedff20999df2af8eb42d56 -> 
  custom:audio-encoder-webm-vorbis: bf7c407c2cedff20999df2af8eb42d56 -> 
AssetImportWorkerClient::OnTransportError - code=2 error=End of file
